<?xml version="1.0" encoding="UTF-8"?>
<!-- Generated by org.testng.reporters.JUnitXMLReporter -->
<testsuite ignored="0" hostname="192.168.1.125" failures="0" tests="5" name="Surefire test" time="3.162" errors="0" timestamp="2024-05-18T13:48:49 BST">
  <testcase classname="com.example.PetAPITest" name="postPetTest" time="1.341"/>
  <testcase classname="com.example.PetAPITest" name="getPetTest" time="0.449"/>
  <testcase classname="com.example.PetAPITest" name="putPetTest" time="0.465"/>
  <testcase classname="com.example.PetAPITest" name="deletePetTest" time="0.427"/>
  <testcase classname="com.example.PetAPITest" name="getPetTestNotFound" time="0.462"/>
</testsuite> <!-- Surefire test -->
