<?xml version="1.0" encoding="UTF-8"?>
<testng-results ignored="0" total="5" passed="5" failed="0" skipped="0">
  <reporter-output>
  </reporter-output>
  <suite started-at="2024-05-18T13:48:45 BST" name="Surefire suite" finished-at="2024-05-18T13:48:49 BST" duration-ms="3162">
    <groups>
    </groups>
    <test started-at="2024-05-18T13:48:45 BST" name="Surefire test" finished-at="2024-05-18T13:48:49 BST" duration-ms="3162">
      <class name="com.example.PetAPITest">
        <test-method signature="postPetTest(org.testng.ITestContext)[pri:0, instance:com.example.PetAPITest@4218d6a3]" started-at="2024-05-18T13:48:45 BST" name="postPetTest" finished-at="2024-05-18T13:48:47 BST" duration-ms="1341" status="PASS">
          <params>
            <param index="0">
              <value>
                <![CDATA[org.testng.TestRunner@11c9af63]]>
              </value>
            </param>
          </params>
          <reporter-output>
          </reporter-output>
        </test-method> <!-- postPetTest -->
        <test-method signature="getPetTest(org.testng.ITestContext)[pri:0, instance:com.example.PetAPITest@4218d6a3]" started-at="2024-05-18T13:48:47 BST" name="getPetTest" finished-at="2024-05-18T13:48:47 BST" depends-on-methods="com.example.PetAPITest.postPetTest" duration-ms="449" status="PASS">
          <params>
            <param index="0">
              <value>
                <![CDATA[org.testng.TestRunner@11c9af63]]>
              </value>
            </param>
          </params>
          <reporter-output>
          </reporter-output>
        </test-method> <!-- getPetTest -->
        <test-method signature="putPetTest(org.testng.ITestContext)[pri:0, instance:com.example.PetAPITest@4218d6a3]" started-at="2024-05-18T13:48:47 BST" name="putPetTest" finished-at="2024-05-18T13:48:48 BST" depends-on-methods="com.example.PetAPITest.getPetTest" duration-ms="465" status="PASS">
          <params>
            <param index="0">
              <value>
                <![CDATA[org.testng.TestRunner@11c9af63]]>
              </value>
            </param>
          </params>
          <reporter-output>
          </reporter-output>
        </test-method> <!-- putPetTest -->
        <test-method signature="deletePetTest(org.testng.ITestContext)[pri:0, instance:com.example.PetAPITest@4218d6a3]" started-at="2024-05-18T13:48:48 BST" name="deletePetTest" finished-at="2024-05-18T13:48:48 BST" depends-on-methods="com.example.PetAPITest.putPetTest" duration-ms="427" status="PASS">
          <params>
            <param index="0">
              <value>
                <![CDATA[org.testng.TestRunner@11c9af63]]>
              </value>
            </param>
          </params>
          <reporter-output>
          </reporter-output>
        </test-method> <!-- deletePetTest -->
        <test-method signature="getPetTestNotFound(org.testng.ITestContext)[pri:0, instance:com.example.PetAPITest@4218d6a3]" started-at="2024-05-18T13:48:48 BST" name="getPetTestNotFound" finished-at="2024-05-18T13:48:49 BST" depends-on-methods="com.example.PetAPITest.deletePetTest" duration-ms="462" status="PASS">
          <params>
            <param index="0">
              <value>
                <![CDATA[org.testng.TestRunner@11c9af63]]>
              </value>
            </param>
          </params>
          <reporter-output>
          </reporter-output>
        </test-method> <!-- getPetTestNotFound -->
      </class> <!-- com.example.PetAPITest -->
    </test> <!-- Surefire test -->
  </suite> <!-- Surefire suite -->
</testng-results>
